<?xml version="1.0" encoding="UTF-8"?>
<robot generator="Robot 3.1.2 (Python 3.8.1 on win32)" generated="20200330 01:23:09.796" rpa="false">
<suite id="s1" name="Tests" source="C:\projects\SauceDemoTests\tests">
<suite id="s1-s1" name="Invalid Login" source="C:\projects\SauceDemoTests\tests\invalid_login.robot">
<kw name="Open Browser To Login Page" library="resource" type="setup">
<kw name="Open Browser" library="SeleniumLibrary">
<doc>Opens a new browser instance to the optional ``url``.</doc>
<arguments>
<arg>${LOGIN URL}</arg>
<arg>${BROWSER}</arg>
</arguments>
<msg timestamp="20200330 01:23:10.031" level="INFO">Opening browser 'Chrome' to base url 'https://www.saucedemo.com/index.html'.</msg>
<status status="PASS" starttime="20200330 01:23:10.031" endtime="20200330 01:23:12.948"></status>
</kw>
<kw name="Set Selenium Speed" library="SeleniumLibrary">
<doc>Sets the delay that is waited after each Selenium command.</doc>
<arguments>
<arg>${DELAY}</arg>
</arguments>
<status status="PASS" starttime="20200330 01:23:12.948" endtime="20200330 01:23:12.948"></status>
</kw>
<status status="PASS" starttime="20200330 01:23:10.030" endtime="20200330 01:23:12.949"></status>
</kw>
<test id="s1-s1-t1" name="Invalid Username And Password">
<kw name="Go To Login Page" library="resource" type="setup">
<kw name="Go To" library="SeleniumLibrary">
<doc>Navigates the current browser window to the provided ``url``.</doc>
<arguments>
<arg>${LOGIN URL}</arg>
</arguments>
<msg timestamp="20200330 01:23:12.954" level="INFO">Opening url 'https://www.saucedemo.com/index.html'</msg>
<status status="PASS" starttime="20200330 01:23:12.954" endtime="20200330 01:23:13.007"></status>
</kw>
<kw name="Location Should Be" library="SeleniumLibrary">
<doc>Verifies that the current URL is exactly ``url``.</doc>
<arguments>
<arg>${LOGIN URL}</arg>
</arguments>
<msg timestamp="20200330 01:23:13.013" level="INFO">Current location is 'https://www.saucedemo.com/index.html'.</msg>
<status status="PASS" starttime="20200330 01:23:13.007" endtime="20200330 01:23:13.014"></status>
</kw>
<status status="PASS" starttime="20200330 01:23:12.950" endtime="20200330 01:23:13.014"></status>
</kw>
<kw name="Login With Invalid Credentials Should Fail">
<arguments>
<arg>invalid</arg>
<arg>whatever</arg>
<arg>Epic sadface: Username and password do not match any user in this service</arg>
</arguments>
<kw name="Input Username" library="resource">
<arguments>
<arg>${username}</arg>
</arguments>
<kw name="Input Text" library="SeleniumLibrary">
<doc>Types the given ``text`` into the text field identified by ``locator``.</doc>
<arguments>
<arg>user-name</arg>
<arg>${username}</arg>
</arguments>
<msg timestamp="20200330 01:23:13.016" level="INFO">Typing text 'invalid' into text field 'user-name'.</msg>
<status status="PASS" starttime="20200330 01:23:13.016" endtime="20200330 01:23:13.114"></status>
</kw>
<status status="PASS" starttime="20200330 01:23:13.015" endtime="20200330 01:23:13.114"></status>
</kw>
<kw name="Input Password" library="resource">
<arguments>
<arg>${password}</arg>
</arguments>
<kw name="Input Text" library="SeleniumLibrary">
<doc>Types the given ``text`` into the text field identified by ``locator``.</doc>
<arguments>
<arg>password</arg>
<arg>${password}</arg>
</arguments>
<msg timestamp="20200330 01:23:13.115" level="INFO">Typing text 'whatever' into text field 'password'.</msg>
<status status="PASS" starttime="20200330 01:23:13.114" endtime="20200330 01:23:13.207"></status>
</kw>
<status status="PASS" starttime="20200330 01:23:13.114" endtime="20200330 01:23:13.208"></status>
</kw>
<kw name="Click Login Button" library="resource">
<kw name="Click Button" library="SeleniumLibrary">
<doc>Clicks the button identified by ``locator``.</doc>
<arguments>
<arg>//*[@id="login_button_container"]/div/form/input[3]</arg>
</arguments>
<msg timestamp="20200330 01:23:13.208" level="INFO">Clicking button '//*[@id="login_button_container"]/div/form/input[3]'.</msg>
<status status="PASS" starttime="20200330 01:23:13.208" endtime="20200330 01:23:13.278"></status>
</kw>
<status status="PASS" starttime="20200330 01:23:13.208" endtime="20200330 01:23:13.278"></status>
</kw>
<kw name="Element Text Should Be" library="SeleniumLibrary">
<doc>Verifies that element ``locator`` contains exact the text ``expected``.</doc>
<arguments>
<arg>//*[@id="login_button_container"]/div/form/h3</arg>
<arg>${message}</arg>
</arguments>
<msg timestamp="20200330 01:23:13.278" level="INFO">Verifying element '//*[@id="login_button_container"]/div/form/h3' contains exact text 'Epic sadface: Username and password do not match any user in this service'.</msg>
<status status="PASS" starttime="20200330 01:23:13.278" endtime="20200330 01:23:13.310"></status>
</kw>
<status status="PASS" starttime="20200330 01:23:13.015" endtime="20200330 01:23:13.310"></status>
</kw>
<status status="PASS" starttime="20200330 01:23:12.949" endtime="20200330 01:23:13.311" critical="yes"></status>
</test>
<test id="s1-s1-t2" name="Empty Username">
<kw name="Go To Login Page" library="resource" type="setup">
<kw name="Go To" library="SeleniumLibrary">
<doc>Navigates the current browser window to the provided ``url``.</doc>
<arguments>
<arg>${LOGIN URL}</arg>
</arguments>
<msg timestamp="20200330 01:23:13.313" level="INFO">Opening url 'https://www.saucedemo.com/index.html'</msg>
<status status="PASS" starttime="20200330 01:23:13.313" endtime="20200330 01:23:13.366"></status>
</kw>
<kw name="Location Should Be" library="SeleniumLibrary">
<doc>Verifies that the current URL is exactly ``url``.</doc>
<arguments>
<arg>${LOGIN URL}</arg>
</arguments>
<msg timestamp="20200330 01:23:13.374" level="INFO">Current location is 'https://www.saucedemo.com/index.html'.</msg>
<status status="PASS" starttime="20200330 01:23:13.366" endtime="20200330 01:23:13.374"></status>
</kw>
<status status="PASS" starttime="20200330 01:23:13.313" endtime="20200330 01:23:13.374"></status>
</kw>
<kw name="Login With Invalid Credentials Should Fail">
<arguments>
<arg>${EMPTY}</arg>
<arg>${VALID PASSWORD}</arg>
<arg>Epic sadface: Username is required</arg>
</arguments>
<kw name="Input Username" library="resource">
<arguments>
<arg>${username}</arg>
</arguments>
<kw name="Input Text" library="SeleniumLibrary">
<doc>Types the given ``text`` into the text field identified by ``locator``.</doc>
<arguments>
<arg>user-name</arg>
<arg>${username}</arg>
</arguments>
<msg timestamp="20200330 01:23:13.376" level="INFO">Typing text '' into text field 'user-name'.</msg>
<status status="PASS" starttime="20200330 01:23:13.375" endtime="20200330 01:23:13.435"></status>
</kw>
<status status="PASS" starttime="20200330 01:23:13.375" endtime="20200330 01:23:13.436"></status>
</kw>
<kw name="Input Password" library="resource">
<arguments>
<arg>${password}</arg>
</arguments>
<kw name="Input Text" library="SeleniumLibrary">
<doc>Types the given ``text`` into the text field identified by ``locator``.</doc>
<arguments>
<arg>password</arg>
<arg>${password}</arg>
</arguments>
<msg timestamp="20200330 01:23:13.437" level="INFO">Typing text 'secret_sauce' into text field 'password'.</msg>
<status status="PASS" starttime="20200330 01:23:13.436" endtime="20200330 01:23:13.533"></status>
</kw>
<status status="PASS" starttime="20200330 01:23:13.436" endtime="20200330 01:23:13.533"></status>
</kw>
<kw name="Click Login Button" library="resource">
<kw name="Click Button" library="SeleniumLibrary">
<doc>Clicks the button identified by ``locator``.</doc>
<arguments>
<arg>//*[@id="login_button_container"]/div/form/input[3]</arg>
</arguments>
<msg timestamp="20200330 01:23:13.533" level="INFO">Clicking button '//*[@id="login_button_container"]/div/form/input[3]'.</msg>
<status status="PASS" starttime="20200330 01:23:13.533" endtime="20200330 01:23:13.594"></status>
</kw>
<status status="PASS" starttime="20200330 01:23:13.533" endtime="20200330 01:23:13.594"></status>
</kw>
<kw name="Element Text Should Be" library="SeleniumLibrary">
<doc>Verifies that element ``locator`` contains exact the text ``expected``.</doc>
<arguments>
<arg>//*[@id="login_button_container"]/div/form/h3</arg>
<arg>${message}</arg>
</arguments>
<msg timestamp="20200330 01:23:13.594" level="INFO">Verifying element '//*[@id="login_button_container"]/div/form/h3' contains exact text 'Epic sadface: Username is required'.</msg>
<status status="PASS" starttime="20200330 01:23:13.594" endtime="20200330 01:23:13.614"></status>
</kw>
<status status="PASS" starttime="20200330 01:23:13.375" endtime="20200330 01:23:13.614"></status>
</kw>
<status status="PASS" starttime="20200330 01:23:13.312" endtime="20200330 01:23:13.615" critical="yes"></status>
</test>
<test id="s1-s1-t3" name="Empty Password">
<kw name="Go To Login Page" library="resource" type="setup">
<kw name="Go To" library="SeleniumLibrary">
<doc>Navigates the current browser window to the provided ``url``.</doc>
<arguments>
<arg>${LOGIN URL}</arg>
</arguments>
<msg timestamp="20200330 01:23:13.617" level="INFO">Opening url 'https://www.saucedemo.com/index.html'</msg>
<status status="PASS" starttime="20200330 01:23:13.617" endtime="20200330 01:23:13.663"></status>
</kw>
<kw name="Location Should Be" library="SeleniumLibrary">
<doc>Verifies that the current URL is exactly ``url``.</doc>
<arguments>
<arg>${LOGIN URL}</arg>
</arguments>
<msg timestamp="20200330 01:23:13.673" level="INFO">Current location is 'https://www.saucedemo.com/index.html'.</msg>
<status status="PASS" starttime="20200330 01:23:13.664" endtime="20200330 01:23:13.673"></status>
</kw>
<status status="PASS" starttime="20200330 01:23:13.617" endtime="20200330 01:23:13.673"></status>
</kw>
<kw name="Login With Invalid Credentials Should Fail">
<arguments>
<arg>${VALID USER}</arg>
<arg>${EMPTY}</arg>
<arg>Epic sadface: Password is required</arg>
</arguments>
<kw name="Input Username" library="resource">
<arguments>
<arg>${username}</arg>
</arguments>
<kw name="Input Text" library="SeleniumLibrary">
<doc>Types the given ``text`` into the text field identified by ``locator``.</doc>
<arguments>
<arg>user-name</arg>
<arg>${username}</arg>
</arguments>
<msg timestamp="20200330 01:23:13.676" level="INFO">Typing text 'standard_user' into text field 'user-name'.</msg>
<status status="PASS" starttime="20200330 01:23:13.675" endtime="20200330 01:23:13.781"></status>
</kw>
<status status="PASS" starttime="20200330 01:23:13.675" endtime="20200330 01:23:13.781"></status>
</kw>
<kw name="Input Password" library="resource">
<arguments>
<arg>${password}</arg>
</arguments>
<kw name="Input Text" library="SeleniumLibrary">
<doc>Types the given ``text`` into the text field identified by ``locator``.</doc>
<arguments>
<arg>password</arg>
<arg>${password}</arg>
</arguments>
<msg timestamp="20200330 01:23:13.782" level="INFO">Typing text '' into text field 'password'.</msg>
<status status="PASS" starttime="20200330 01:23:13.782" endtime="20200330 01:23:13.838"></status>
</kw>
<status status="PASS" starttime="20200330 01:23:13.782" endtime="20200330 01:23:13.839"></status>
</kw>
<kw name="Click Login Button" library="resource">
<kw name="Click Button" library="SeleniumLibrary">
<doc>Clicks the button identified by ``locator``.</doc>
<arguments>
<arg>//*[@id="login_button_container"]/div/form/input[3]</arg>
</arguments>
<msg timestamp="20200330 01:23:13.840" level="INFO">Clicking button '//*[@id="login_button_container"]/div/form/input[3]'.</msg>
<status status="PASS" starttime="20200330 01:23:13.839" endtime="20200330 01:23:13.893"></status>
</kw>
<status status="PASS" starttime="20200330 01:23:13.839" endtime="20200330 01:23:13.893"></status>
</kw>
<kw name="Element Text Should Be" library="SeleniumLibrary">
<doc>Verifies that element ``locator`` contains exact the text ``expected``.</doc>
<arguments>
<arg>//*[@id="login_button_container"]/div/form/h3</arg>
<arg>${message}</arg>
</arguments>
<msg timestamp="20200330 01:23:13.894" level="INFO">Verifying element '//*[@id="login_button_container"]/div/form/h3' contains exact text 'Epic sadface: Password is required'.</msg>
<status status="PASS" starttime="20200330 01:23:13.894" endtime="20200330 01:23:13.916"></status>
</kw>
<status status="PASS" starttime="20200330 01:23:13.674" endtime="20200330 01:23:13.916"></status>
</kw>
<status status="PASS" starttime="20200330 01:23:13.616" endtime="20200330 01:23:13.916" critical="yes"></status>
</test>
<kw name="Close Browser" library="SeleniumLibrary" type="teardown">
<doc>Closes the current browser.</doc>
<status status="PASS" starttime="20200330 01:23:13.918" endtime="20200330 01:23:16.124"></status>
</kw>
<doc>A test suite containing tests related to invalid login.

These tests are data-driven by their nature. They use a single
keyword, specified with Test Template setting, that is called
with different arguments to cover different scenarios.

This suite also demonstrates using setups and teardowns in
different levels.</doc>
<status status="PASS" starttime="20200330 01:23:09.826" endtime="20200330 01:23:16.124"></status>
</suite>
<suite id="s1-s2" name="Valid Checkout" source="C:\projects\SauceDemoTests\tests\valid_checkout.robot">
<test id="s1-s2-t1" name="Valid Checkout">
<kw name="Valid Login" library="resource" type="setup">
<kw name="Open Browser To Login Page" library="resource">
<kw name="Open Browser" library="SeleniumLibrary">
<doc>Opens a new browser instance to the optional ``url``.</doc>
<arguments>
<arg>${LOGIN URL}</arg>
<arg>${BROWSER}</arg>
</arguments>
<msg timestamp="20200330 01:23:16.194" level="INFO">Opening browser 'Chrome' to base url 'https://www.saucedemo.com/index.html'.</msg>
<status status="PASS" starttime="20200330 01:23:16.194" endtime="20200330 01:23:19.121"></status>
</kw>
<kw name="Set Selenium Speed" library="SeleniumLibrary">
<doc>Sets the delay that is waited after each Selenium command.</doc>
<arguments>
<arg>${DELAY}</arg>
</arguments>
<status status="PASS" starttime="20200330 01:23:19.122" endtime="20200330 01:23:19.122"></status>
</kw>
<status status="PASS" starttime="20200330 01:23:16.194" endtime="20200330 01:23:19.122"></status>
</kw>
<kw name="Input Username" library="resource">
<arguments>
<arg>standard_user</arg>
</arguments>
<kw name="Input Text" library="SeleniumLibrary">
<doc>Types the given ``text`` into the text field identified by ``locator``.</doc>
<arguments>
<arg>user-name</arg>
<arg>${username}</arg>
</arguments>
<msg timestamp="20200330 01:23:19.123" level="INFO">Typing text 'standard_user' into text field 'user-name'.</msg>
<status status="PASS" starttime="20200330 01:23:19.123" endtime="20200330 01:23:19.250"></status>
</kw>
<status status="PASS" starttime="20200330 01:23:19.122" endtime="20200330 01:23:19.250"></status>
</kw>
<kw name="Input Password" library="resource">
<arguments>
<arg>secret_sauce</arg>
</arguments>
<kw name="Input Text" library="SeleniumLibrary">
<doc>Types the given ``text`` into the text field identified by ``locator``.</doc>
<arguments>
<arg>password</arg>
<arg>${password}</arg>
</arguments>
<msg timestamp="20200330 01:23:19.251" level="INFO">Typing text 'secret_sauce' into text field 'password'.</msg>
<status status="PASS" starttime="20200330 01:23:19.250" endtime="20200330 01:23:19.355"></status>
</kw>
<status status="PASS" starttime="20200330 01:23:19.250" endtime="20200330 01:23:19.355"></status>
</kw>
<kw name="Click Login Button" library="resource">
<kw name="Click Button" library="SeleniumLibrary">
<doc>Clicks the button identified by ``locator``.</doc>
<arguments>
<arg>//*[@id="login_button_container"]/div/form/input[3]</arg>
</arguments>
<msg timestamp="20200330 01:23:19.356" level="INFO">Clicking button '//*[@id="login_button_container"]/div/form/input[3]'.</msg>
<status status="PASS" starttime="20200330 01:23:19.355" endtime="20200330 01:23:19.854"></status>
</kw>
<status status="PASS" starttime="20200330 01:23:19.355" endtime="20200330 01:23:19.854"></status>
</kw>
<kw name="Store Page Should be Open" library="resource">
<kw name="Location Should Be" library="SeleniumLibrary">
<doc>Verifies that the current URL is exactly ``url``.</doc>
<arguments>
<arg>${STORE URL}</arg>
</arguments>
<msg timestamp="20200330 01:23:19.861" level="INFO">Current location is 'https://www.saucedemo.com/inventory.html'.</msg>
<status status="PASS" starttime="20200330 01:23:19.855" endtime="20200330 01:23:19.861"></status>
</kw>
<status status="PASS" starttime="20200330 01:23:19.854" endtime="20200330 01:23:19.861"></status>
</kw>
<status status="PASS" starttime="20200330 01:23:16.193" endtime="20200330 01:23:19.861"></status>
</kw>
<kw name="Add Item To The Basket" library="resource">
<kw name="Click Element" library="SeleniumLibrary">
<doc>Click the element identified by ``locator``.</doc>
<arguments>
<arg>${BACKPACK ITEM}</arg>
</arguments>
<msg timestamp="20200330 01:23:19.862" level="INFO">Clicking element '//*[@id="item_4_title_link"]'.</msg>
<status status="PASS" starttime="20200330 01:23:19.862" endtime="20200330 01:23:20.097"></status>
</kw>
<kw name="Click Element" library="SeleniumLibrary">
<doc>Click the element identified by ``locator``.</doc>
<arguments>
<arg>//*[@id="inventory_item_container"]/div/div/div/button</arg>
</arguments>
<msg timestamp="20200330 01:23:20.097" level="INFO">Clicking element '//*[@id="inventory_item_container"]/div/div/div/button'.</msg>
<status status="PASS" starttime="20200330 01:23:20.097" endtime="20200330 01:23:20.156"></status>
</kw>
<status status="PASS" starttime="20200330 01:23:19.862" endtime="20200330 01:23:20.156"></status>
</kw>
<kw name="Open Basket" library="resource">
<kw name="Click Element" library="SeleniumLibrary">
<doc>Click the element identified by ``locator``.</doc>
<arguments>
<arg>shopping_cart_container</arg>
</arguments>
<msg timestamp="20200330 01:23:20.157" level="INFO">Clicking element 'shopping_cart_container'.</msg>
<status status="PASS" starttime="20200330 01:23:20.157" endtime="20200330 01:23:20.314"></status>
</kw>
<kw name="Location Should Be" library="SeleniumLibrary">
<doc>Verifies that the current URL is exactly ``url``.</doc>
<arguments>
<arg>${BASKET URL}</arg>
</arguments>
<msg timestamp="20200330 01:23:20.319" level="INFO">Current location is 'https://www.saucedemo.com/cart.html'.</msg>
<status status="PASS" starttime="20200330 01:23:20.314" endtime="20200330 01:23:20.319"></status>
</kw>
<status status="PASS" starttime="20200330 01:23:20.156" endtime="20200330 01:23:20.320"></status>
</kw>
<kw name="Check That Added Item Is Present" library="resource">
<kw name="Element Should Be Visible" library="SeleniumLibrary">
<doc>Verifies that the element identified by ``locator`` is visible.</doc>
<arguments>
<arg>${BACKPACK ITEM}</arg>
</arguments>
<msg timestamp="20200330 01:23:20.341" level="INFO">Element '//*[@id="item_4_title_link"]' is displayed.</msg>
<status status="PASS" starttime="20200330 01:23:20.320" endtime="20200330 01:23:20.341"></status>
</kw>
<status status="PASS" starttime="20200330 01:23:20.320" endtime="20200330 01:23:20.342"></status>
</kw>
<kw name="Proceed To Check Out Step One" library="resource">
<kw name="Click Element" library="SeleniumLibrary">
<doc>Click the element identified by ``locator``.</doc>
<arguments>
<arg>//*[@id="cart_contents_container"]/div/div[2]/a[2]</arg>
</arguments>
<msg timestamp="20200330 01:23:20.343" level="INFO">Clicking element '//*[@id="cart_contents_container"]/div/div[2]/a[2]'.</msg>
<status status="PASS" starttime="20200330 01:23:20.343" endtime="20200330 01:23:20.491"></status>
</kw>
<kw name="Location Should Be" library="SeleniumLibrary">
<doc>Verifies that the current URL is exactly ``url``.</doc>
<arguments>
<arg>${STEP ONE URL}</arg>
</arguments>
<msg timestamp="20200330 01:23:20.499" level="INFO">Current location is 'https://www.saucedemo.com/checkout-step-one.html'.</msg>
<status status="PASS" starttime="20200330 01:23:20.492" endtime="20200330 01:23:20.499"></status>
</kw>
<status status="PASS" starttime="20200330 01:23:20.342" endtime="20200330 01:23:20.499"></status>
</kw>
<kw name="Fill in Personal Info" library="resource">
<arguments>
<arg>${firstname}</arg>
<arg>${lastname}</arg>
<arg>${postalcode}</arg>
</arguments>
<kw name="Input Text" library="SeleniumLibrary">
<doc>Types the given ``text`` into the text field identified by ``locator``.</doc>
<arguments>
<arg>first-name</arg>
<arg>${firstname}</arg>
</arguments>
<msg timestamp="20200330 01:23:20.500" level="INFO">Typing text 'Tony' into text field 'first-name'.</msg>
<status status="PASS" starttime="20200330 01:23:20.500" endtime="20200330 01:23:20.586"></status>
</kw>
<kw name="Input Text" library="SeleniumLibrary">
<doc>Types the given ``text`` into the text field identified by ``locator``.</doc>
<arguments>
<arg>last-name</arg>
<arg>${lastname}</arg>
</arguments>
<msg timestamp="20200330 01:23:20.587" level="INFO">Typing text 'Stark' into text field 'last-name'.</msg>
<status status="PASS" starttime="20200330 01:23:20.586" endtime="20200330 01:23:20.670"></status>
</kw>
<kw name="Input Text" library="SeleniumLibrary">
<doc>Types the given ``text`` into the text field identified by ``locator``.</doc>
<arguments>
<arg>postal-code</arg>
<arg>${postalcode}</arg>
</arguments>
<msg timestamp="20200330 01:23:20.671" level="INFO">Typing text '42069' into text field 'postal-code'.</msg>
<status status="PASS" starttime="20200330 01:23:20.670" endtime="20200330 01:23:20.756"></status>
</kw>
<kw name="Click Element" library="SeleniumLibrary">
<doc>Click the element identified by ``locator``.</doc>
<arguments>
<arg>//*[@id="checkout_info_container"]/div/form/div[2]/input</arg>
</arguments>
<msg timestamp="20200330 01:23:20.757" level="INFO">Clicking element '//*[@id="checkout_info_container"]/div/form/div[2]/input'.</msg>
<status status="PASS" starttime="20200330 01:23:20.756" endtime="20200330 01:23:21.638"></status>
</kw>
<status status="PASS" starttime="20200330 01:23:20.500" endtime="20200330 01:23:21.638"></status>
</kw>
<kw name="Finish Check Out" library="resource">
<kw name="Location Should Be" library="SeleniumLibrary">
<doc>Verifies that the current URL is exactly ``url``.</doc>
<arguments>
<arg>${STEP TWO URL}</arg>
</arguments>
<msg timestamp="20200330 01:23:21.649" level="INFO">Current location is 'https://www.saucedemo.com/checkout-step-two.html'.</msg>
<status status="PASS" starttime="20200330 01:23:21.640" endtime="20200330 01:23:21.649"></status>
</kw>
<kw name="Element Should Be Visible" library="SeleniumLibrary">
<doc>Verifies that the element identified by ``locator`` is visible.</doc>
<arguments>
<arg>${BACKPACK ITEM}</arg>
</arguments>
<msg timestamp="20200330 01:23:21.669" level="INFO">Element '//*[@id="item_4_title_link"]' is displayed.</msg>
<status status="PASS" starttime="20200330 01:23:21.650" endtime="20200330 01:23:21.670"></status>
</kw>
<kw name="Click Element" library="SeleniumLibrary">
<doc>Click the element identified by ``locator``.</doc>
<arguments>
<arg>//*[@id="checkout_summary_container"]/div/div[2]/div[8]/a[2]</arg>
</arguments>
<msg timestamp="20200330 01:23:21.670" level="INFO">Clicking element '//*[@id="checkout_summary_container"]/div/div[2]/div[8]/a[2]'.</msg>
<status status="PASS" starttime="20200330 01:23:21.670" endtime="20200330 01:23:22.935"></status>
</kw>
<kw name="Element Should Be Visible" library="SeleniumLibrary">
<doc>Verifies that the element identified by ``locator`` is visible.</doc>
<arguments>
<arg>//*[@id="checkout_complete_container"]/h2</arg>
</arguments>
<msg timestamp="20200330 01:23:22.968" level="INFO">Element '//*[@id="checkout_complete_container"]/h2' is displayed.</msg>
<status status="PASS" starttime="20200330 01:23:22.935" endtime="20200330 01:23:22.968"></status>
</kw>
<status status="PASS" starttime="20200330 01:23:21.639" endtime="20200330 01:23:22.968"></status>
</kw>
<status status="PASS" starttime="20200330 01:23:16.193" endtime="20200330 01:23:22.969" critical="yes"></status>
</test>
<doc>A test suite containing tests related to add item to the basket.</doc>
<status status="PASS" starttime="20200330 01:23:16.169" endtime="20200330 01:23:22.970"></status>
</suite>
<suite id="s1-s3" name="Valid Login" source="C:\projects\SauceDemoTests\tests\valid_login.robot">
<test id="s1-s3-t1" name="Valid Login">
<kw name="Open Browser To Login Page" library="resource">
<kw name="Open Browser" library="SeleniumLibrary">
<doc>Opens a new browser instance to the optional ``url``.</doc>
<arguments>
<arg>${LOGIN URL}</arg>
<arg>${BROWSER}</arg>
</arguments>
<msg timestamp="20200330 01:23:22.996" level="INFO">Opening browser 'Chrome' to base url 'https://www.saucedemo.com/index.html'.</msg>
<status status="PASS" starttime="20200330 01:23:22.996" endtime="20200330 01:23:25.964"></status>
</kw>
<kw name="Set Selenium Speed" library="SeleniumLibrary">
<doc>Sets the delay that is waited after each Selenium command.</doc>
<arguments>
<arg>${DELAY}</arg>
</arguments>
<status status="PASS" starttime="20200330 01:23:25.964" endtime="20200330 01:23:25.967"></status>
</kw>
<status status="PASS" starttime="20200330 01:23:22.995" endtime="20200330 01:23:25.967"></status>
</kw>
<kw name="Input Username" library="resource">
<arguments>
<arg>standard_user</arg>
</arguments>
<kw name="Input Text" library="SeleniumLibrary">
<doc>Types the given ``text`` into the text field identified by ``locator``.</doc>
<arguments>
<arg>user-name</arg>
<arg>${username}</arg>
</arguments>
<msg timestamp="20200330 01:23:25.970" level="INFO">Typing text 'standard_user' into text field 'user-name'.</msg>
<status status="PASS" starttime="20200330 01:23:25.970" endtime="20200330 01:23:26.122"></status>
</kw>
<status status="PASS" starttime="20200330 01:23:25.970" endtime="20200330 01:23:26.122"></status>
</kw>
<kw name="Input Password" library="resource">
<arguments>
<arg>secret_sauce</arg>
</arguments>
<kw name="Input Text" library="SeleniumLibrary">
<doc>Types the given ``text`` into the text field identified by ``locator``.</doc>
<arguments>
<arg>password</arg>
<arg>${password}</arg>
</arguments>
<msg timestamp="20200330 01:23:26.123" level="INFO">Typing text 'secret_sauce' into text field 'password'.</msg>
<status status="PASS" starttime="20200330 01:23:26.123" endtime="20200330 01:23:26.228"></status>
</kw>
<status status="PASS" starttime="20200330 01:23:26.122" endtime="20200330 01:23:26.228"></status>
</kw>
<kw name="Click Login Button" library="resource">
<kw name="Click Button" library="SeleniumLibrary">
<doc>Clicks the button identified by ``locator``.</doc>
<arguments>
<arg>//*[@id="login_button_container"]/div/form/input[3]</arg>
</arguments>
<msg timestamp="20200330 01:23:26.229" level="INFO">Clicking button '//*[@id="login_button_container"]/div/form/input[3]'.</msg>
<status status="PASS" starttime="20200330 01:23:26.229" endtime="20200330 01:23:26.786"></status>
</kw>
<status status="PASS" starttime="20200330 01:23:26.229" endtime="20200330 01:23:26.786"></status>
</kw>
<kw name="Store Page Should be Open" library="resource">
<kw name="Location Should Be" library="SeleniumLibrary">
<doc>Verifies that the current URL is exactly ``url``.</doc>
<arguments>
<arg>${STORE URL}</arg>
</arguments>
<msg timestamp="20200330 01:23:26.806" level="INFO">Current location is 'https://www.saucedemo.com/inventory.html'.</msg>
<status status="PASS" starttime="20200330 01:23:26.788" endtime="20200330 01:23:26.806"></status>
</kw>
<status status="PASS" starttime="20200330 01:23:26.787" endtime="20200330 01:23:26.806"></status>
</kw>
<kw name="Close Browser" library="SeleniumLibrary" type="teardown">
<doc>Closes the current browser.</doc>
<status status="PASS" starttime="20200330 01:23:26.808" endtime="20200330 01:23:30.128"></status>
</kw>
<status status="PASS" starttime="20200330 01:23:22.993" endtime="20200330 01:23:30.129" critical="yes"></status>
</test>
<doc>A test suite with a single test for valid login.

This test has a workflow that is created using keywords in
the imported resource file.</doc>
<status status="PASS" starttime="20200330 01:23:22.976" endtime="20200330 01:23:30.132"></status>
</suite>
<status status="PASS" starttime="20200330 01:23:09.798" endtime="20200330 01:23:30.160"></status>
</suite>
<statistics>
<total>
<stat pass="5" fail="0">Critical Tests</stat>
<stat pass="5" fail="0">All Tests</stat>
</total>
<tag>
</tag>
<suite>
<stat pass="5" fail="0" id="s1" name="Tests">Tests</stat>
<stat pass="3" fail="0" id="s1-s1" name="Invalid Login">Tests.Invalid Login</stat>
<stat pass="1" fail="0" id="s1-s2" name="Valid Checkout">Tests.Valid Checkout</stat>
<stat pass="1" fail="0" id="s1-s3" name="Valid Login">Tests.Valid Login</stat>
</suite>
</statistics>
<errors>
<msg timestamp="20200330 01:23:09.787" level="WARN">Collapsing consecutive whitespace during parsing is deprecated. Fix ' #' in file 'C:\projects\SauceDemoTests\tests\resource.robot' on line 28.</msg>
<msg timestamp="20200330 01:23:09.828" level="WARN">Collapsing consecutive whitespace during parsing is deprecated. Fix ' #' in file 'C:\projects\SauceDemoTests\tests\resource.robot' on line 28.</msg>
</errors>
</robot>
